# JRE version: OpenJDK Runtime Environment (8.0_76-b03) (build 1.8.0_76-release-b03)
# Java VM: OpenJDK 64-Bit Server VM (25.76-b03 mixed mode windows-amd64 compressed oops)
Heap:
 PSYoungGen      total 423936K, used 132801K [0x00000000e0000000, 0x00000000fb680000, 0x0000000100000000)
  eden space 398848K, 33% used [0x00000000e0000000,0x00000000e81b0448,0x00000000f8580000)
  from space 25088K, 0% used [0x00000000f9e00000,0x00000000f9e00000,0x00000000fb680000)
  to   space 25088K, 0% used [0x00000000f8580000,0x00000000f8580000,0x00000000f9e00000)
 ParOldGen       total 84992K, used 29602K [0x00000000a0000000, 0x00000000a5300000, 0x00000000e0000000)
  object space 84992K, 34% used [0x00000000a0000000,0x00000000a1ce8be8,0x00000000a5300000)
 Metaspace       used 63190K, capacity 65144K, committed 65408K, reserved 1105920K
  class space    used 7913K, capacity 8254K, committed 8320K, reserved 1048576K
GC Heap History (10 events):
Event: 1530.697 GC heap before
{Heap before GC invocations=16 (full 4):
 PSYoungGen      total 295936K, used 273920K [0x00000000e0000000, 0x00000000fb800000, 0x0000000100000000)
  eden space 273920K, 100% used [0x00000000e0000000,0x00000000f0b80000,0x00000000f0b80000)
  from space 22016K, 0% used [0x00000000f0b80000,0x00000000f0b80000,0x00000000f2100000)
  to   space 22528K, 0% used [0x00000000fa200000,0x00000000fa200000,0x00000000fb800000)
 ParOldGen       total 84992K, used 32165K [0x00000000a0000000, 0x00000000a5300000, 0x00000000e0000000)
  object space 84992K, 37% used [0x00000000a0000000,0x00000000a1f69400,0x00000000a5300000)
 Metaspace       used 62324K, capacity 64080K, committed 64384K, reserved 1105920K
  class space    used 7891K, capacity 8224K, committed 8320K, reserved 1048576K
Event: 1530.723 GC heap after
Heap after GC invocations=16 (full 4):
 PSYoungGen      total 417792K, used 18719K [0x00000000e0000000, 0x00000000fb480000, 0x0000000100000000)
  eden space 398848K, 0% used [0x00000000e0000000,0x00000000e0000000,0x00000000f8580000)
  from space 18944K, 98% used [0x00000000fa200000,0x00000000fb447f90,0x00000000fb480000)
  to   space 24064K, 0% used [0x00000000f8580000,0x00000000f8580000,0x00000000f9d00000)
 ParOldGen       total 84992K, used 32173K [0x00000000a0000000, 0x00000000a5300000, 0x00000000e0000000)
  object space 84992K, 37% used [0x00000000a0000000,0x00000000a1f6b400,0x00000000a5300000)
 Metaspace       used 62324K, capacity 64080K, committed 64384K, reserved 1105920K
  class space    used 7891K, capacity 8224K, committed 8320K, reserved 1048576K
}
Event: 1530.966 GC heap before
{Heap before GC invocations=17 (full 4):
 PSYoungGen      total 417792K, used 26670K [0x00000000e0000000, 0x00000000fb480000, 0x0000000100000000)
  eden space 398848K, 1% used [0x00000000e0000000,0x00000000e07c3a18,0x00000000f8580000)
  from space 18944K, 98% used [0x00000000fa200000,0x00000000fb447f90,0x00000000fb480000)
  to   space 24064K, 0% used [0x00000000f8580000,0x00000000f8580000,0x00000000f9d00000)
 ParOldGen       total 84992K, used 32173K [0x00000000a0000000, 0x00000000a5300000, 0x00000000e0000000)
  object space 84992K, 37% used [0x00000000a0000000,0x00000000a1f6b400,0x00000000a5300000)
 Metaspace       used 62380K, capacity 64150K, committed 64384K, reserved 1105920K
  class space    used 7891K, capacity 8225K, committed 8320K, reserved 1048576K
Event: 1530.969 GC heap after
Heap after GC invocations=17 (full 4):
 PSYoungGen      total 422912K, used 160K [0x00000000e0000000, 0x00000000fb680000, 0x0000000100000000)
  eden space 398848K, 0% used [0x00000000e0000000,0x00000000e0000000,0x00000000f8580000)
  from space 24064K, 0% used [0x00000000f8580000,0x00000000f85a8000,0x00000000f9d00000)
  to   space 25088K, 0% used [0x00000000f9e00000,0x00000000f9e00000,0x00000000fb680000)
 ParOldGen       total 84992K, used 32809K [0x00000000a0000000, 0x00000000a5300000, 0x00000000e0000000)
  object space 84992K, 38% used [0x00000000a0000000,0x00000000a200a490,0x00000000a5300000)
 Metaspace       used 62380K, capacity 64150K, committed 64384K, reserved 1105920K
  class space    used 7891K, capacity 8225K, committed 8320K, reserved 1048576K
}
Event: 1530.969 GC heap before
{Heap before GC invocations=18 (full 5):
 PSYoungGen      total 422912K, used 160K [0x00000000e0000000, 0x00000000fb680000, 0x0000000100000000)
  eden space 398848K, 0% used [0x00000000e0000000,0x00000000e0000000,0x00000000f8580000)
  from space 24064K, 0% used [0x00000000f8580000,0x00000000f85a8000,0x00000000f9d00000)
  to   space 25088K, 0% used [0x00000000f9e00000,0x00000000f9e00000,0x00000000fb680000)
 ParOldGen       total 84992K, used 32809K [0x00000000a0000000, 0x00000000a5300000, 0x00000000e0000000)
  object space 84992K, 38% used [0x00000000a0000000,0x00000000a200a490,0x00000000a5300000)
 Metaspace       used 62380K, capacity 64150K, committed 64384K, reserved 1105920K
  class space    used 7891K, capacity 8225K, committed 8320K, reserved 1048576K
Event: 1531.117 GC heap after
Heap after GC invocations=18 (full 5):
 PSYoungGen      total 422912K, used 0K [0x00000000e0000000, 0x00000000fb680000, 0x0000000100000000)
  eden space 398848K, 0% used [0x00000000e0000000,0x00000000e0000000,0x00000000f8580000)
  from space 24064K, 0% used [0x00000000f8580000,0x00000000f8580000,0x00000000f9d00000)
  to   space 25088K, 0% used [0x00000000f9e00000,0x00000000f9e00000,0x00000000fb680000)
 ParOldGen       total 84992K, used 28232K [0x00000000a0000000, 0x00000000a5300000, 0x00000000e0000000)
  object space 84992K, 33% used [0x00000000a0000000,0x00000000a1b923e8,0x00000000a5300000)
 Metaspace       used 62033K, capacity 63678K, committed 64384K, reserved 1105920K
  class space    used 7831K, capacity 8143K, committed 8320K, reserved 1048576K
}
Event: 1663.158 GC heap before
{Heap before GC invocations=19 (full 5):
 PSYoungGen      total 422912K, used 274714K [0x00000000e0000000, 0x00000000fb680000, 0x0000000100000000)
  eden space 398848K, 68% used [0x00000000e0000000,0x00000000f0c46938,0x00000000f8580000)
  from space 24064K, 0% used [0x00000000f8580000,0x00000000f8580000,0x00000000f9d00000)
  to   space 25088K, 0% used [0x00000000f9e00000,0x00000000f9e00000,0x00000000fb680000)
 ParOldGen       total 84992K, used 28232K [0x00000000a0000000, 0x00000000a5300000, 0x00000000e0000000)
  object space 84992K, 33% used [0x00000000a0000000,0x00000000a1b923e8,0x00000000a5300000)
 Metaspace       used 62965K, capacity 64928K, committed 65152K, reserved 1105920K
  class space    used 7905K, capacity 8246K, committed 8320K, reserved 1048576K
Event: 1663.162 GC heap after
Heap after GC invocations=19 (full 5):
 PSYoungGen      total 423936K, used 1781K [0x00000000e0000000, 0x00000000fb680000, 0x0000000100000000)
  eden space 398848K, 0% used [0x00000000e0000000,0x00000000e0000000,0x00000000f8580000)
  from space 25088K, 7% used [0x00000000f9e00000,0x00000000f9fbd400,0x00000000fb680000)
  to   space 25088K, 0% used [0x00000000f8580000,0x00000000f8580000,0x00000000f9e00000)
 ParOldGen       total 84992K, used 28240K [0x00000000a0000000, 0x00000000a5300000, 0x00000000e0000000)
  object space 84992K, 33% used [0x00000000a0000000,0x00000000a1b943e8,0x00000000a5300000)
 Metaspace       used 62965K, capacity 64928K, committed 65152K, reserved 1105920K
  class space    used 7905K, capacity 8246K, committed 8320K, reserved 1048576K
}
Event: 1663.162 GC heap before
{Heap before GC invocations=20 (full 6):
 PSYoungGen      total 423936K, used 1781K [0x00000000e0000000, 0x00000000fb680000, 0x0000000100000000)
  eden space 398848K, 0% used [0x00000000e0000000,0x00000000e0000000,0x00000000f8580000)
  from space 25088K, 7% used [0x00000000f9e00000,0x00000000f9fbd400,0x00000000fb680000)
  to   space 25088K, 0% used [0x00000000f8580000,0x00000000f8580000,0x00000000f9e00000)
 ParOldGen       total 84992K, used 28240K [0x00000000a0000000, 0x00000000a5300000, 0x00000000e0000000)
  object space 84992K, 33% used [0x00000000a0000000,0x00000000a1b943e8,0x00000000a5300000)
 Metaspace       used 62965K, capacity 64928K, committed 65152K, reserved 1105920K
  class space    used 7905K, capacity 8246K, committed 8320K, reserved 1048576K
Event: 1663.329 GC heap after
Heap after GC invocations=20 (full 6):
 PSYoungGen      total 423936K, used 0K [0x00000000e0000000, 0x00000000fb680000, 0x0000000100000000)
  eden space 398848K, 0% used [0x00000000e0000000,0x00000000e0000000,0x00000000f8580000)
  from space 25088K, 0% used [0x00000000f9e00000,0x00000000f9e00000,0x00000000fb680000)
  to   space 25088K, 0% used [0x00000000f8580000,0x00000000f8580000,0x00000000f9e00000)
 ParOldGen       total 84992K, used 29602K [0x00000000a0000000, 0x00000000a5300000, 0x00000000e0000000)
  object space 84992K, 34% used [0x00000000a0000000,0x00000000a1ce8be8,0x00000000a5300000)
 Metaspace       used 62965K, capacity 64928K, committed 65152K, reserved 1105920K
  class space    used 7905K, capacity 8246K, committed 8320K, reserved 1048576K
}

